<?xml version="1.0" encoding="UTF-8"?>
<!-- Generated by org.testng.reporters.JUnitReportReporter -->
<testsuite skipped="0" hostname="LAPTOP-J3UQ42B7" name="Sites.Bharathlab" tests="6" failures="0" timestamp="29 Nov 2022 07:15:42 GMT" time="47.108" errors="0">
  <testcase name="HomePageLink" time="12.797" classname="Sites.Bharathlab"/>
  <testcase name="HomePaglogolink" time="2.360" classname="Sites.Bharathlab"/>
  <testcase name="HomePageHeaderLink" time="6.963" classname="Sites.Bharathlab"/>
  <testcase name="QuickLinks" time="2.987" classname="Sites.Bharathlab"/>
  <testcase name="ServicesLinks" time="18.914" classname="Sites.Bharathlab"/>
  <testcase name="GetInTouch" time="3.087" classname="Sites.Bharathlab"/>
</testsuite> <!-- Sites.Bharathlab -->
